Searching for term luna
Searching for term luna
Rate limit reached. Sleeping for: 730
Searching for term luna
Rate limit reached. Sleeping for: 20
Tweets retrieved on 11/05/2022, at 17:51:07 in 28.653289318084717 seconds
Analysis run in 62.19875621795654 seconds
Analysis run in 62.19875621795654 seconds
Quantile analysis run in 0.8439784049987793 seconds
Quantile analysis run in 0.8439784049987793 seconds
Searching for term luna
Tweets retrieved on 11/05/2022, at 17:53:16 in 35.81696557998657 seconds
Analysis run in 399.7199900150299 seconds
Analysis run in 399.7199900150299 seconds
Quantile analysis run in 0.8857076168060303 seconds
Quantile analysis run in 0.8857076168060303 seconds
Searching for term luna
Tweets retrieved on 11/05/2022, at 18:04:41 in 2.5905954837799072 seconds
Analysis run in 4.160323619842529 seconds
Analysis run in 4.160323619842529 seconds
Quantile analysis run in 0.5345923900604248 seconds
Quantile analysis run in 0.5345923900604248 seconds
Searching for term luna
Tweets retrieved on 11/05/2022, at 18:11:19 in 39.3961968421936 seconds
Analysis run in 369.57304883003235 seconds
Analysis run in 369.57304883003235 seconds
Quantile analysis run in 0.9010014533996582 seconds
Quantile analysis run in 0.9010014533996582 seconds
Searching for term luna
Tweets retrieved on 12/05/2022, at 07:59:21 in 32.35389828681946 seconds
Analysis run in 450.03229308128357 seconds
Analysis run in 450.03229308128357 seconds
Quantile analysis run in 1.2029452323913574 seconds
Quantile analysis run in 1.2029452323913574 seconds
Searching for term luna
Tweets retrieved on 12/05/2022, at 08:08:48 in 32.65273404121399 seconds
Analysis run in 459.6243302822113 seconds
Analysis run in 459.6243302822113 seconds
Quantile analysis run in 1.3567285537719727 seconds
Quantile analysis run in 1.3567285537719727 seconds
Searching for term luna
Tweets retrieved on 12/05/2022, at 08:17:22 in 33.4926872253418 seconds
Analysis run in 378.5702500343323 seconds
Analysis run in 378.5702500343323 seconds
Quantile analysis run in 0.9235479831695557 seconds
Quantile analysis run in 0.9235479831695557 seconds
Searching for term luna
Tweets retrieved on 12/05/2022, at 08:24:36 in 31.244208574295044 seconds
Analysis run in 410.3549451828003 seconds
Analysis run in 410.3549451828003 seconds
Quantile analysis run in 0.8301477432250977 seconds
Quantile analysis run in 0.8301477432250977 seconds
Searching for term luna
Tweets retrieved on 12/05/2022, at 08:35:15 in 32.44149374961853 seconds
Analysis run in 348.40490102767944 seconds
Analysis run in 348.40490102767944 seconds
Quantile analysis run in 1.4800992012023926 seconds
Quantile analysis run in 1.4800992012023926 seconds
Searching for term luna
Rate limit reached. Sleeping for: 262
Rate limit reached. Sleeping for: 779
Tweets retrieved on 12/05/2022, at 08:44:31 in 1252.4354963302612 seconds
Searching for term luna
Tweets retrieved on 12/05/2022, at 09:31:39 in 0.6602349281311035 seconds
Searching for term luna
Rate limit reached. Sleeping for: 787
Rate limit reached. Sleeping for: 823
Rate limit reached. Sleeping for: 821
Rate limit reached. Sleeping for: 825
Rate limit reached. Sleeping for: 823
Rate limit reached. Sleeping for: 825
Rate limit reached. Sleeping for: 836
Rate limit reached. Sleeping for: 838
Rate limit reached. Sleeping for: 833
Rate limit reached. Sleeping for: 829
Rate limit reached. Sleeping for: 835
Rate limit reached. Sleeping for: 837
Rate limit reached. Sleeping for: 837
Rate limit reached. Sleeping for: 837
Rate limit reached. Sleeping for: 836
Rate limit reached. Sleeping for: 836
Rate limit reached. Sleeping for: 828
Rate limit reached. Sleeping for: 829
Tweets retrieved on 12/05/2022, at 09:32:20 in 16226.547509670258 seconds
Analysis run in 4198.753232240677 seconds
Analysis run in 4198.753232240677 seconds
Quantile analysis run in 1.8383827209472656 seconds
Quantile analysis run in 1.8383827209472656 seconds
