Search term (olympusdao OR @olympusdao OR #olympusdao or $) -is:retweet
Search term (olympusdao OR @olympusdao OR #olympusdao or $) -is:retweet
Search term (olympusdao OR @olympusdao OR #olympusdao or $) -is:retweet
Tweets retrieved on 09/05/2022, at 14:57:17
Search term (olympusdao OR @olympusdao OR #olympusdao or $) -is:retweet
Tweets retrieved on 09/05/2022, at 14:58:57
Search term olympusdao
Tweets retrieved on 09/05/2022, at 16:00:04 in 0.7263679504394531 seconds
Search term olympusdao
Search term olympusdao
Search term olympusdao
Tweets retrieved on 09/05/2022, at 16:01:48 in 0.8561317920684814 seconds
Search term olympusdao
Search term olympusdao
Search term olympusdao
Tweets retrieved on 09/05/2022, at 16:02:37 in 0.637120246887207 seconds
Search term olympusdao
Search term olympusdao
Analysis run in 7.877528429031372 seconds
Analysis run in 7.877528429031372 seconds
Search term olympusdao
Tweets retrieved on 09/05/2022, at 16:05:49 in 0.6244547367095947 seconds
Search term olympusdao
Search term olympusdao
Analysis run in 6.732489347457886 seconds
Analysis run in 6.732489347457886 seconds
Search term olympusdao
Tweets retrieved on 09/05/2022, at 16:07:48 in 0.6565814018249512 seconds
Search term olympusdao
Search term olympusdao
Search term olympusdao
Tweets retrieved on 09/05/2022, at 16:09:21 in 0.5867874622344971 seconds
Search term olympusdao
Search term olympusdao
Search term olympusdao
Tweets retrieved on 09/05/2022, at 16:10:42 in 0.6623623371124268 seconds
Search term olympusdao
Search term olympusdao
Analysis run in 5.795029163360596 seconds
Analysis run in 5.795029163360596 seconds
Search term olympusdao
Tweets retrieved on 09/05/2022, at 16:27:13 in 0.6545045375823975 seconds
Search term olympusdao
Search term olympusdao
Search term olympusdao
Tweets retrieved on 09/05/2022, at 16:29:11 in 0.7009727954864502 seconds
Search term olympusdao
Search term olympusdao
Search term olympusdao
Tweets retrieved on 09/05/2022, at 16:36:03 in 0.641190767288208 seconds
Search term olympusdao
Search term olympusdao
Search term olympusdao
Tweets retrieved on 09/05/2022, at 16:38:25 in 0.7243795394897461 seconds
Search term olympusdao
Search term olympusdao
Search term olympusdao
Tweets retrieved on 09/05/2022, at 16:41:55 in 0.735163688659668 seconds
Search term olympusdao
Search term olympusdao
Search term olympusdao
Tweets retrieved on 09/05/2022, at 16:43:51 in 0.6800065040588379 seconds
Search term olympusdao
Search term olympusdao
Analysis run in 11.7923104763031 seconds
Analysis run in 11.7923104763031 seconds
