Search term staratlas
PARAMS: {'q': 'staratlas', 'lang': 'en', 'result_type': 'recent', 'count': '10', 'until': '2022-04-24'}
Tweets retrieved at day 25/04/2022, 17:57:35 until day 2022-04-24
Sentiment analysis starting
Pie-chart starting
Wordcloud starting
Sentiment analysis starting
Pie-chart starting
Wordcloud starting
Search term staratlas
PARAMS: {'q': 'staratlas', 'lang': 'en', 'result_type': 'recent', 'count': '100', 'until': '2022-04-24'}
PARAMS: {'q': 'staratlas', 'max_id': '1517941904494809087', 'lang': 'en', 'result_type': 'recent', 'count': '100', 'until': '2022-04-24'}
Tweets retrieved at day 25/04/2022, 17:58:21 until day 2022-04-24
Sentiment analysis starting
Pie-chart starting
Wordcloud starting
Sentiment analysis starting
Pie-chart starting
Wordcloud starting
Search term staratlas
PARAMS: {'q': 'staratlas', 'lang': 'en', 'result_type': 'recent', 'count': '100', 'until': '2022-05-03'}
Tweets retrieved at day 04/05/2022, 15:08:31 until day 2022-05-03
Sentiment analysis starting
Pie-chart starting
Wordcloud starting
Sentiment analysis starting
Pie-chart starting
Wordcloud starting
Search term staratlas
PARAMS: {'q': 'staratlas', 'lang': 'en', 'result_type': 'mixed', 'count': '100', 'until': '2022-05-05'}
Search term staratlas
PARAMS: {'q': 'staratlas', 'lang': 'en', 'result_type': 'mixed', 'count': '100', 'until': '2022-05-05'}
Tweets retrieved at day 06/05/2022, 07:38:20 until day 2022-05-05
